[0.0.10]
- First implementation of Ogre Princes' Loot (Fire Cannon, Builder Hammer, Staff of Teleportation) item.
- First implementation of Ostrich Meat (raw and cooked) item.
- First implementation of Rat Meat (raw and cooked, also burguer) item.
- First implementation of Zebra Record item.
- First implementation of Scrolls (Blank (textureless), Freedom, Owner, Sale) item.
- First implementation of Shark Teeth Sword item.
- First implementation of Silver Skeleton Sword item.
- First implementation of Staffs (Base, Diamond, Ender, Light) item.
- First implementation of Dark Sting (also sword) item.
- First implementation of Dirt Sting (also sword) item.
- First implementation of Frost Sting (also sword) item.
- First implementation of Nether Sting (also sword) item.
- First implementation of Sugar Lumps item.
- First implementation of TMNT Weapons (Bo, Katana, Nunchaku, Sai) item.
- First implementation of Turkey Meat (raw and cooked) item.
- First implementation of Turtle Meat (raw and cooked (textureless), also soup) item.
- First implementation of Unicorn Horn item.
- First implementation of Whip item.
- Generated Data for all implemented items, expect Cooked Turtle amd Blank Scroll.
- Provided English translation form all implemented items.

[0.0.9]
- Reimported most Mo'Creatures' items images.
- Created Item ID Constants for the Mo'Creatures Redux&Redone items.
- First implementation of Bone Amulet (also Filled) item.
- First implementation of Fairy Amulet (also Filled) item.
- First implementation of Ghost Amulet (also Filled) item.
- First implementation of Guardian Amulet (also Filled) item.
- First implementation of Sky Amulet (also Filled) item.
- First implementation of BigCat Claw item.
- First implementation of Dark Chitin (also full armor set) item.
- First implementation of Dirt Chitin (also full armor set) item.
- First implementation of Frost Chitin (also full armor set) item.
- First implementation of Nether Chitin (also full armor set) item.
- First implementation of Crab Meat (raw and cooked) item.
- First implementation of Hatchable Egg item.
- First implementation of Omelet item.
- First implementation of Elephant Harness and Saddlebag item.
- First implementation of Indian Elephant Garment and Howdah item.
- First implementation of Songhua River Mammoth Platform item.
- First implementation of Diamond, Iron and Wood Elephant Tusk Sword item.
- First implementation of Essence of Darkness, Fire, Light, and the Undead item.
- First implementation of Fish Net (also Filled) item.
- First implementation of Fur (also full armor set) item.
- First implementation of Handmade Lead item.
- First implementation of Crystal, Diamond, Gold and Iron Handmade Mount Armor item.
- First implementation of Leather Handmade Mount Armor item (textureless).
- First implementation of Handmade Saddlebag item (textureless).
- First implementation of Heart of Darkness, Fire, and the Undead item.
- First implementation of Hide (also full armor set) item.
- First implementation of Key item.
- First implementation of Kitty Bed (also all dyed options) item.
- First implementation of Kitty Food item.
- First implementation of Kitty Litter item.
- First implementation of Kitty Wool Ball item.
- First implementation of Medallion item.
- First implementation of Reptile Hide (also full armor set) item.
- First implementation of Shark Teeth item.
- Generated Data for all implemented items, expect Leather Handmade Mount Armor and Handmade Saddlebag.
- Provided English translation form all implemented items.
- Updated Forge MDK to 1.16.3-34.1.42 Version.

[0.0.8] 
- Created batch and shell script tools for Block Models Data Generators.
- Created batch and shell script tools for Block States Data Generators.
- Created batch and shell script tools for Block Tags Generators.
- Created batch and shell script tools for BlockItem Tags Generators.
- Created batch and shell script tools for Item Models Data Generators.
- Created batch and shell script tools for Item Tags Generators.
- Renamed some classes to match with new batch and shell script tools.
- Adjust on Item shell script tool's permissions.
- Adjust on batch and shell script misspellings.

[0.0.7]
- Added Data Generation for Item Tags.
- Added Data Generation for Block Tags.
- Added Data Generation for BlockItem Copy Tags.
- Added Java Annotations to BlockItems Interfaces.
- Improved JavaDoc for various classes.
- Improved classes creation on batch and shell script tools.
- Generated data for current implemented classes.

[0.0.6]
- Fixed Data Generation not working for Blocks.

[0.0.6-dev]
- Added Java Annotations to Blocks, BlockItems and Items classes.
- First implementation with Data Generators and Textures.
- Data Generation not working for Blocks.
- Added first textures for Items.

[0.0.5]
- First Blocks and BlockItems implementation.
- Created batch and shell script files for creating Block and BlockItem, also Providers.

[0.0.4]
- Created Tools directory to hold useful batch and shell scripts.
- Created batch and shell script files for creating an Item and Item Provider.

[0.0.3]
- First Java implementation.
- Created Mod Entry Point.
- Created Mod META-INF.
- Created package "init" for all setup routines.
- Created package "item" for Items construction.
- Created package "util" to holds general tools to all code.
- Created package "provider" for providing data to Blocks and Items.
- Created package "block" for Blocks construction.
- Added language file for English US.
- Added placeholder pack.mcmeta.
- Added update.json file.

[0.0.2]
- Added Gradle and Forge MDK files.
- Removed deprecated and old mod files from repository.

[0.0.1]
- Improved frontpage and documentation.